Content-Type: multipart/alternative;
 boundary="===============7144341511413300862=="
MIME-Version: 1.0
Subject: Change notification
From: test@example.com
To: admin
Date: Sat, 26 Jun 2021 15:27:35 -0000
Message-ID: <162472125535.17384.2242230208808943380@eff1c-SATELLITE-S50-B>

--===============7144341511413300862==
Content-Type: text/plain; charset="utf-8"
MIME-Version: 1.0
Content-Transfer-Encoding: 7bit

New change in task new

Editor: admin.
Field: executor. Old value: user2; new value: test_user.

--===============7144341511413300862==
Content-Type: text/html; charset="utf-8"
MIME-Version: 1.0
Content-Transfer-Encoding: 7bit

<!DOCTYPE html PUBLIC "-//W3C//DTD XHTML 1.0 Transitional//EN"
        "http://www.w3.org/TR/xhtml1/DTD/xhtml1-transitional.dtd">
<html xmlns="http://www.w3.org/1999/xhtml">
<head>
    <meta http-equiv="Content-Type" content="text/html; charset=UTF-8"/>
    <title>Change notification</title>
    <meta name="viewport" content="width=device-width, initial-scale=1.0"/>
</head>

<body>

<p>
    New change in task new
</p>

<p>
    Editor: admin.
Field: executor. Old value: user2; new value: test_user.
</p>

</body>

</html>

--===============7144341511413300862==--

-------------------------------------------------------------------------------
