Content-Type: multipart/alternative;
 boundary="===============3618536576702439311=="
MIME-Version: 1.0
Subject: Change notification
From: test@example.com
To: admin
Date: Sat, 26 Jun 2021 15:20:10 -0000
Message-ID: <162472081037.17384.12880432105231391292@eff1c-SATELLITE-S50-B>

--===============3618536576702439311==
Content-Type: text/plain; charset="utf-8"
MIME-Version: 1.0
Content-Transfer-Encoding: 7bit

New change in task  - /main/project/test/task/3/

Editor: admin.
Field: start_date. Old value: 2021-01-01; new value: 2021-11-01.

--===============3618536576702439311==
Content-Type: text/html; charset="utf-8"
MIME-Version: 1.0
Content-Transfer-Encoding: 7bit

<!DOCTYPE html PUBLIC "-//W3C//DTD XHTML 1.0 Transitional//EN"
        "http://www.w3.org/TR/xhtml1/DTD/xhtml1-transitional.dtd">
<html xmlns="http://www.w3.org/1999/xhtml">
<head>
    <meta http-equiv="Content-Type" content="text/html; charset=UTF-8"/>
    <title>Change notification</title>
    <meta name="viewport" content="width=device-width, initial-scale=1.0"/>
</head>

<body>

<p>
    New change in task something
</p>

<p>
    Editor: admin.
Field: start_date. Old value: 2021-01-01; new value: 2021-11-01.
</p>

</body>

</html>

--===============3618536576702439311==--

-------------------------------------------------------------------------------
